Performing C SOURCE FILE Test CMAKE_HAVE_LIBC_PTHREAD failed with the following output:
Change Dir: /home/doman/MachineLearning/build/CMakeFiles/CMakeTmp

Run Build Command(s):/usr/bin/make cmTC_ae09f/fast && make[1]: Entering directory '/home/doman/MachineLearning/build/CMakeFiles/CMakeTmp'
/usr/bin/make  -f CMakeFiles/cmTC_ae09f.dir/build.make CMakeFiles/cmTC_ae09f.dir/build
make[2]: Entering directory '/home/doman/MachineLearning/build/CMakeFiles/CMakeTmp'
Building C object CMakeFiles/cmTC_ae09f.dir/src.c.o
/usr/bin/cc -DCMAKE_HAVE_LIBC_PTHREAD   -o CMakeFiles/cmTC_ae09f.dir/src.c.o -c /home/doman/MachineLearning/build/CMakeFiles/CMakeTmp/src.c
Linking C executable cmTC_ae09f
/usr/local/bin/cmake -E cmake_link_script CMakeFiles/cmTC_ae09f.dir/link.txt --verbose=1
/usr/bin/cc -rdynamic CMakeFiles/cmTC_ae09f.dir/src.c.o -o cmTC_ae09f 
CMakeFiles/cmTC_ae09f.dir/src.c.o: In function `main':
src.c:(.text+0x3c): undefined reference to `pthread_create'
src.c:(.text+0x48): undefined reference to `pthread_detach'
src.c:(.text+0x54): undefined reference to `pthread_cancel'
src.c:(.text+0x65): undefined reference to `pthread_join'
src.c:(.text+0x79): undefined reference to `pthread_atfork'
collect2: error: ld returned 1 exit status
CMakeFiles/cmTC_ae09f.dir/build.make:105: recipe for target 'cmTC_ae09f' failed
make[2]: *** [cmTC_ae09f] Error 1
make[2]: Leaving directory '/home/doman/MachineLearning/build/CMakeFiles/CMakeTmp'
Makefile:140: recipe for target 'cmTC_ae09f/fast' failed
make[1]: *** [cmTC_ae09f/fast] Error 2
make[1]: Leaving directory '/home/doman/MachineLearning/build/CMakeFiles/CMakeTmp'


Source file was:
#include <pthread.h>

static void* test_func(void* data)
{
  return data;
}

int main(void)
{
  pthread_t thread;
  pthread_create(&thread, NULL, test_func, NULL);
  pthread_detach(thread);
  pthread_cancel(thread);
  pthread_join(thread, NULL);
  pthread_atfork(NULL, NULL, NULL);
  pthread_exit(NULL);

  return 0;
}

Determining if the function pthread_create exists in the pthreads failed with the following output:
Change Dir: /home/doman/MachineLearning/build/CMakeFiles/CMakeTmp

Run Build Command(s):/usr/bin/make cmTC_d9a6b/fast && make[1]: Entering directory '/home/doman/MachineLearning/build/CMakeFiles/CMakeTmp'
/usr/bin/make  -f CMakeFiles/cmTC_d9a6b.dir/build.make CMakeFiles/cmTC_d9a6b.dir/build
make[2]: Entering directory '/home/doman/MachineLearning/build/CMakeFiles/CMakeTmp'
Building C object CMakeFiles/cmTC_d9a6b.dir/CheckFunctionExists.c.o
/usr/bin/cc   -DCHECK_FUNCTION_EXISTS=pthread_create -o CMakeFiles/cmTC_d9a6b.dir/CheckFunctionExists.c.o -c /usr/local/share/cmake-3.19/Modules/CheckFunctionExists.c
Linking C executable cmTC_d9a6b
/usr/local/bin/cmake -E cmake_link_script CMakeFiles/cmTC_d9a6b.dir/link.txt --verbose=1
/usr/bin/cc  -DCHECK_FUNCTION_EXISTS=pthread_create -rdynamic CMakeFiles/cmTC_d9a6b.dir/CheckFunctionExists.c.o -o cmTC_d9a6b  -lpthreads 
/usr/bin/ld: cannot find -lpthreads
collect2: error: ld returned 1 exit status
CMakeFiles/cmTC_d9a6b.dir/build.make:105: recipe for target 'cmTC_d9a6b' failed
make[2]: *** [cmTC_d9a6b] Error 1
make[2]: Leaving directory '/home/doman/MachineLearning/build/CMakeFiles/CMakeTmp'
Makefile:140: recipe for target 'cmTC_d9a6b/fast' failed
make[1]: *** [cmTC_d9a6b/fast] Error 2
make[1]: Leaving directory '/home/doman/MachineLearning/build/CMakeFiles/CMakeTmp'



